<?xml version="1.0" encoding="UTF-8"?>
<!-- Generated by org.testng.reporters.JUnitXMLReporter -->
<testsuite ignored="0" hostname="user-PC" failures="0" tests="6" name="Default test" time="15.015" errors="0" timestamp="2021-06-13T22:34:11 IST">
  <testcase classname="com.maven1.org.Grouping" name="test1" time="0.087"/>
  <testcase classname="com.maven1.org.Grouping" name="test2" time="1.363"/>
  <testcase classname="com.maven1.org.Grouping" name="test3" time="0.471"/>
  <testcase classname="com.maven1.org.Grouping" name="test4" time="0.597"/>
  <testcase classname="com.maven1.org.Grouping" name="test5" time="0.92"/>
  <testcase classname="com.maven1.org.Grouping" name="test6" time="0.379"/>
</testsuite> <!-- Default test -->
