<?xml version="1.0" encoding="UTF-8"?>
<!-- Generated by org.testng.reporters.JUnitXMLReporter -->
<testsuite ignored="4" hostname="user-PC" failures="0" tests="2" name="Test" time="4.892" errors="0" timestamp="2021-06-13T22:52:09 IST">
  <testcase classname="com.maven1.org.Grouping" name="test1" time="0.165"/>
  <testcase classname="com.maven1.org.Grouping" name="test2" time="0.891"/>
  <testcase classname="com.maven1.org.Grouping" name="test5" time="0.0">
    <ignored/>
  </testcase> <!-- test5 -->
  <testcase classname="com.maven1.org.Grouping" name="test6" time="0.0">
    <ignored/>
  </testcase> <!-- test6 -->
  <testcase classname="com.maven1.org.Grouping" name="test3" time="0.0">
    <ignored/>
  </testcase> <!-- test3 -->
  <testcase classname="com.maven1.org.Grouping" name="test4" time="0.0">
    <ignored/>
  </testcase> <!-- test4 -->
</testsuite> <!-- Test -->
